# JRE version: OpenJDK Runtime Environment Temurin-17.0.12+7 (17.0.12+7) (build 17.0.12+7)
# Java VM: OpenJDK 64-Bit Server VM Temurin-17.0.12+7 (17.0.12+7, mixed mode, tiered, compressed oops, compressed class ptrs, parallel gc, windows-amd64)
GC Precious Log:
 CPUs: 4 total, 4 available
 Memory: 14287M
 Large Page Support: Disabled
 NUMA Support: Disabled
 Compressed Oops: Enabled (32-bit)
 Alignments: Space 512K, Generation 512K, Heap 2M
 Heap Min Capacity: 100M
 Heap Initial Capacity: 100M
 Heap Max Capacity: 1G
 Pre-touch: Disabled
 Parallel Workers: 4
Heap:
 PSYoungGen      total 13312K, used 7214K [0x00000000eab00000, 0x00000000eba80000, 0x0000000100000000)
  eden space 11264K, 48% used [0x00000000eab00000,0x00000000eb057470,0x00000000eb600000)
  from space 2048K, 85% used [0x00000000eb880000,0x00000000eba34480,0x00000000eba80000)
  to   space 2048K, 0% used [0x00000000eb600000,0x00000000eb600000,0x00000000eb800000)
 ParOldGen       total 442880K, used 411687K [0x00000000c0000000, 0x00000000db080000, 0x00000000eab00000)
  object space 442880K, 92% used [0x00000000c0000000,0x00000000d9209cd8,0x00000000db080000)
 Metaspace       used 78180K, committed 79552K, reserved 1179648K
  class space    used 8166K, committed 8768K, reserved 1048576K
GC Heap History (20 events):
Event: 42.818 GC heap before
{Heap before GC invocations=223 (full 13):
 PSYoungGen      total 12800K, used 12424K [0x00000000eab00000, 0x00000000ebf80000, 0x0000000100000000)
  eden space 7168K, 100% used [0x00000000eab00000,0x00000000eb200000,0x00000000eb200000)
  from space 5632K, 93% used [0x00000000eba00000,0x00000000ebf222d8,0x00000000ebf80000)
  to   space 6144K, 0% used [0x00000000eb380000,0x00000000eb380000,0x00000000eb980000)
 ParOldGen       total 442880K, used 401718K [0x00000000c0000000, 0x00000000db080000, 0x00000000eab00000)
  object space 442880K, 90% used [0x00000000c0000000,0x00000000d884dab8,0x00000000db080000)
 Metaspace       used 70715K, committed 71872K, reserved 1114112K
  class space    used 7309K, committed 7808K, reserved 1048576K
}
Event: 42.824 GC heap after
{Heap after GC invocations=223 (full 13):
 PSYoungGen      total 13824K, used 5192K [0x00000000eab00000, 0x00000000ebe00000, 0x0000000100000000)
  eden space 8192K, 0% used [0x00000000eab00000,0x00000000eab00000,0x00000000eb300000)
  from space 5632K, 92% used [0x00000000eb380000,0x00000000eb8922d8,0x00000000eb900000)
  to   space 5120K, 0% used [0x00000000eb900000,0x00000000eb900000,0x00000000ebe00000)
 ParOldGen       total 442880K, used 401726K [0x00000000c0000000, 0x00000000db080000, 0x00000000eab00000)
  object space 442880K, 90% used [0x00000000c0000000,0x00000000d884fab8,0x00000000db080000)
 Metaspace       used 70715K, committed 71872K, reserved 1114112K
  class space    used 7309K, committed 7808K, reserved 1048576K
}
Event: 43.351 GC heap before
{Heap before GC invocations=224 (full 13):
 PSYoungGen      total 13824K, used 13384K [0x00000000eab00000, 0x00000000ebe00000, 0x0000000100000000)
  eden space 8192K, 100% used [0x00000000eab00000,0x00000000eb300000,0x00000000eb300000)
  from space 5632K, 92% used [0x00000000eb380000,0x00000000eb8922d8,0x00000000eb900000)
  to   space 5120K, 0% used [0x00000000eb900000,0x00000000eb900000,0x00000000ebe00000)
 ParOldGen       total 442880K, used 401726K [0x00000000c0000000, 0x00000000db080000, 0x00000000eab00000)
  object space 442880K, 90% used [0x00000000c0000000,0x00000000d884fab8,0x00000000db080000)
 Metaspace       used 71794K, committed 73024K, reserved 1179648K
  class space    used 7409K, committed 7936K, reserved 1048576K
}
Event: 43.355 GC heap after
{Heap after GC invocations=224 (full 13):
 PSYoungGen      total 13312K, used 5092K [0x00000000eab00000, 0x00000000ec000000, 0x0000000100000000)
  eden space 8192K, 0% used [0x00000000eab00000,0x00000000eab00000,0x00000000eb300000)
  from space 5120K, 99% used [0x00000000eb900000,0x00000000ebdf9360,0x00000000ebe00000)
  to   space 6144K, 0% used [0x00000000eb300000,0x00000000eb300000,0x00000000eb900000)
 ParOldGen       total 442880K, used 402363K [0x00000000c0000000, 0x00000000db080000, 0x00000000eab00000)
  object space 442880K, 90% used [0x00000000c0000000,0x00000000d88eeec0,0x00000000db080000)
 Metaspace       used 71794K, committed 73024K, reserved 1179648K
  class space    used 7409K, committed 7936K, reserved 1048576K
}
Event: 43.481 GC heap before
{Heap before GC invocations=225 (full 13):
 PSYoungGen      total 13312K, used 13284K [0x00000000eab00000, 0x00000000ec000000, 0x0000000100000000)
  eden space 8192K, 100% used [0x00000000eab00000,0x00000000eb300000,0x00000000eb300000)
  from space 5120K, 99% used [0x00000000eb900000,0x00000000ebdf9360,0x00000000ebe00000)
  to   space 6144K, 0% used [0x00000000eb300000,0x00000000eb300000,0x00000000eb900000)
 ParOldGen       total 442880K, used 402363K [0x00000000c0000000, 0x00000000db080000, 0x00000000eab00000)
  object space 442880K, 90% used [0x00000000c0000000,0x00000000d88eeec0,0x00000000db080000)
 Metaspace       used 72510K, committed 73792K, reserved 1179648K
  class space    used 7459K, committed 8000K, reserved 1048576K
}
Event: 43.490 GC heap after
{Heap after GC invocations=225 (full 13):
 PSYoungGen      total 9216K, used 992K [0x00000000eab00000, 0x00000000eba00000, 0x0000000100000000)
  eden space 8192K, 0% used [0x00000000eab00000,0x00000000eab00000,0x00000000eb300000)
  from space 1024K, 96% used [0x00000000eb300000,0x00000000eb3f8020,0x00000000eb400000)
  to   space 3072K, 0% used [0x00000000eb700000,0x00000000eb700000,0x00000000eba00000)
 ParOldGen       total 442880K, used 406826K [0x00000000c0000000, 0x00000000db080000, 0x00000000eab00000)
  object space 442880K, 91% used [0x00000000c0000000,0x00000000d8d4a9f8,0x00000000db080000)
 Metaspace       used 72510K, committed 73792K, reserved 1179648K
  class space    used 7459K, committed 8000K, reserved 1048576K
}
Event: 43.668 GC heap before
{Heap before GC invocations=226 (full 13):
 PSYoungGen      total 9216K, used 9184K [0x00000000eab00000, 0x00000000eba00000, 0x0000000100000000)
  eden space 8192K, 100% used [0x00000000eab00000,0x00000000eb300000,0x00000000eb300000)
  from space 1024K, 96% used [0x00000000eb300000,0x00000000eb3f8020,0x00000000eb400000)
  to   space 3072K, 0% used [0x00000000eb700000,0x00000000eb700000,0x00000000eba00000)
 ParOldGen       total 442880K, used 406826K [0x00000000c0000000, 0x00000000db080000, 0x00000000eab00000)
  object space 442880K, 91% used [0x00000000c0000000,0x00000000d8d4a9f8,0x00000000db080000)
 Metaspace       used 73514K, committed 74752K, reserved 1179648K
  class space    used 7589K, committed 8128K, reserved 1048576K
}
Event: 43.674 GC heap after
{Heap after GC invocations=226 (full 13):
 PSYoungGen      total 11264K, used 1973K [0x00000000eab00000, 0x00000000eb900000, 0x0000000100000000)
  eden space 9216K, 0% used [0x00000000eab00000,0x00000000eab00000,0x00000000eb400000)
  from space 2048K, 96% used [0x00000000eb700000,0x00000000eb8ed4d0,0x00000000eb900000)
  to   space 2560K, 0% used [0x00000000eb400000,0x00000000eb400000,0x00000000eb680000)
 ParOldGen       total 442880K, used 406834K [0x00000000c0000000, 0x00000000db080000, 0x00000000eab00000)
  object space 442880K, 91% used [0x00000000c0000000,0x00000000d8d4c9f8,0x00000000db080000)
 Metaspace       used 73514K, committed 74752K, reserved 1179648K
  class space    used 7589K, committed 8128K, reserved 1048576K
}
Event: 43.872 GC heap before
{Heap before GC invocations=227 (full 13):
 PSYoungGen      total 11264K, used 11189K [0x00000000eab00000, 0x00000000eb900000, 0x0000000100000000)
  eden space 9216K, 100% used [0x00000000eab00000,0x00000000eb400000,0x00000000eb400000)
  from space 2048K, 96% used [0x00000000eb700000,0x00000000eb8ed4d0,0x00000000eb900000)
  to   space 2560K, 0% used [0x00000000eb400000,0x00000000eb400000,0x00000000eb680000)
 ParOldGen       total 442880K, used 406834K [0x00000000c0000000, 0x00000000db080000, 0x00000000eab00000)
  object space 442880K, 91% used [0x00000000c0000000,0x00000000d8d4c9f8,0x00000000db080000)
 Metaspace       used 73732K, committed 74944K, reserved 1179648K
  class space    used 7606K, committed 8128K, reserved 1048576K
}
Event: 43.879 GC heap after
{Heap after GC invocations=227 (full 13):
 PSYoungGen      total 11776K, used 2554K [0x00000000eab00000, 0x00000000ec200000, 0x0000000100000000)
  eden space 9216K, 0% used [0x00000000eab00000,0x00000000eab00000,0x00000000eb400000)
  from space 2560K, 99% used [0x00000000eb400000,0x00000000eb67ea78,0x00000000eb680000)
  to   space 6656K, 0% used [0x00000000ebb80000,0x00000000ebb80000,0x00000000ec200000)
 ParOldGen       total 442880K, used 409936K [0x00000000c0000000, 0x00000000db080000, 0x00000000eab00000)
  object space 442880K, 92% used [0x00000000c0000000,0x00000000d9054230,0x00000000db080000)
 Metaspace       used 73732K, committed 74944K, reserved 1179648K
  class space    used 7606K, committed 8128K, reserved 1048576K
}
Event: 44.037 GC heap before
{Heap before GC invocations=228 (full 13):
 PSYoungGen      total 11776K, used 11770K [0x00000000eab00000, 0x00000000ec200000, 0x0000000100000000)
  eden space 9216K, 100% used [0x00000000eab00000,0x00000000eb400000,0x00000000eb400000)
  from space 2560K, 99% used [0x00000000eb400000,0x00000000eb67ea78,0x00000000eb680000)
  to   space 6656K, 0% used [0x00000000ebb80000,0x00000000ebb80000,0x00000000ec200000)
 ParOldGen       total 442880K, used 409936K [0x00000000c0000000, 0x00000000db080000, 0x00000000eab00000)
  object space 442880K, 92% used [0x00000000c0000000,0x00000000d9054230,0x00000000db080000)
 Metaspace       used 74616K, committed 75904K, reserved 1179648K
  class space    used 7703K, committed 8256K, reserved 1048576K
}
Event: 44.043 GC heap after
{Heap after GC invocations=228 (full 13):
 PSYoungGen      total 12800K, used 2586K [0x00000000eab00000, 0x00000000ebe80000, 0x0000000100000000)
  eden space 9728K, 0% used [0x00000000eab00000,0x00000000eab00000,0x00000000eb480000)
  from space 3072K, 84% used [0x00000000ebb80000,0x00000000ebe06a78,0x00000000ebe80000)
  to   space 4096K, 0% used [0x00000000eb680000,0x00000000eb680000,0x00000000eba80000)
 ParOldGen       total 442880K, used 410160K [0x00000000c0000000, 0x00000000db080000, 0x00000000eab00000)
  object space 442880K, 92% used [0x00000000c0000000,0x00000000d908c230,0x00000000db080000)
 Metaspace       used 74616K, committed 75904K, reserved 1179648K
  class space    used 7703K, committed 8256K, reserved 1048576K
}
Event: 44.827 GC heap before
{Heap before GC invocations=229 (full 13):
 PSYoungGen      total 12800K, used 12314K [0x00000000eab00000, 0x00000000ebe80000, 0x0000000100000000)
  eden space 9728K, 100% used [0x00000000eab00000,0x00000000eb480000,0x00000000eb480000)
  from space 3072K, 84% used [0x00000000ebb80000,0x00000000ebe06a78,0x00000000ebe80000)
  to   space 4096K, 0% used [0x00000000eb680000,0x00000000eb680000,0x00000000eba80000)
 ParOldGen       total 442880K, used 410160K [0x00000000c0000000, 0x00000000db080000, 0x00000000eab00000)
  object space 442880K, 92% used [0x00000000c0000000,0x00000000d908c230,0x00000000db080000)
 Metaspace       used 75452K, committed 76864K, reserved 1179648K
  class space    used 7798K, committed 8448K, reserved 1048576K
}
Event: 44.833 GC heap after
{Heap after GC invocations=229 (full 13):
 PSYoungGen      total 13312K, used 2845K [0x00000000eab00000, 0x00000000ebc00000, 0x0000000100000000)
  eden space 10240K, 0% used [0x00000000eab00000,0x00000000eab00000,0x00000000eb500000)
  from space 3072K, 92% used [0x00000000eb680000,0x00000000eb947708,0x00000000eb980000)
  to   space 2560K, 0% used [0x00000000eb980000,0x00000000eb980000,0x00000000ebc00000)
 ParOldGen       total 442880K, used 410168K [0x00000000c0000000, 0x00000000db080000, 0x00000000eab00000)
  object space 442880K, 92% used [0x00000000c0000000,0x00000000d908e230,0x00000000db080000)
 Metaspace       used 75452K, committed 76864K, reserved 1179648K
  class space    used 7798K, committed 8448K, reserved 1048576K
}
Event: 45.009 GC heap before
{Heap before GC invocations=230 (full 13):
 PSYoungGen      total 13312K, used 13085K [0x00000000eab00000, 0x00000000ebc00000, 0x0000000100000000)
  eden space 10240K, 100% used [0x00000000eab00000,0x00000000eb500000,0x00000000eb500000)
  from space 3072K, 92% used [0x00000000eb680000,0x00000000eb947708,0x00000000eb980000)
  to   space 2560K, 0% used [0x00000000eb980000,0x00000000eb980000,0x00000000ebc00000)
 ParOldGen       total 442880K, used 410168K [0x00000000c0000000, 0x00000000db080000, 0x00000000eab00000)
  object space 442880K, 92% used [0x00000000c0000000,0x00000000d908e230,0x00000000db080000)
 Metaspace       used 76635K, committed 78016K, reserved 1179648K
  class space    used 7959K, committed 8576K, reserved 1048576K
}
Event: 45.013 GC heap after
{Heap after GC invocations=230 (full 13):
 PSYoungGen      total 13312K, used 2555K [0x00000000eab00000, 0x00000000ebc00000, 0x0000000100000000)
  eden space 10752K, 0% used [0x00000000eab00000,0x00000000eab00000,0x00000000eb580000)
  from space 2560K, 99% used [0x00000000eb980000,0x00000000ebbfef08,0x00000000ebc00000)
  to   space 3072K, 0% used [0x00000000eb600000,0x00000000eb600000,0x00000000eb900000)
 ParOldGen       total 442880K, used 410512K [0x00000000c0000000, 0x00000000db080000, 0x00000000eab00000)
  object space 442880K, 92% used [0x00000000c0000000,0x00000000d90e4250,0x00000000db080000)
 Metaspace       used 76635K, committed 78016K, reserved 1179648K
  class space    used 7959K, committed 8576K, reserved 1048576K
}
Event: 47.052 GC heap before
{Heap before GC invocations=231 (full 13):
 PSYoungGen      total 13312K, used 13307K [0x00000000eab00000, 0x00000000ebc00000, 0x0000000100000000)
  eden space 10752K, 100% used [0x00000000eab00000,0x00000000eb580000,0x00000000eb580000)
  from space 2560K, 99% used [0x00000000eb980000,0x00000000ebbfef08,0x00000000ebc00000)
  to   space 3072K, 0% used [0x00000000eb600000,0x00000000eb600000,0x00000000eb900000)
 ParOldGen       total 442880K, used 410512K [0x00000000c0000000, 0x00000000db080000, 0x00000000eab00000)
  object space 442880K, 92% used [0x00000000c0000000,0x00000000d90e4250,0x00000000db080000)
 Metaspace       used 77798K, committed 79168K, reserved 1179648K
  class space    used 8139K, committed 8768K, reserved 1048576K
}
Event: 47.056 GC heap after
{Heap after GC invocations=231 (full 13):
 PSYoungGen      total 13312K, used 1681K [0x00000000eab00000, 0x00000000ebb00000, 0x0000000100000000)
  eden space 11264K, 0% used [0x00000000eab00000,0x00000000eab00000,0x00000000eb600000)
  from space 2048K, 82% used [0x00000000eb600000,0x00000000eb7a4480,0x00000000eb800000)
  to   space 2560K, 0% used [0x00000000eb880000,0x00000000eb880000,0x00000000ebb00000)
 ParOldGen       total 442880K, used 411679K [0x00000000c0000000, 0x00000000db080000, 0x00000000eab00000)
  object space 442880K, 92% used [0x00000000c0000000,0x00000000d9207cd8,0x00000000db080000)
 Metaspace       used 77798K, committed 79168K, reserved 1179648K
  class space    used 8139K, committed 8768K, reserved 1048576K
}
Event: 68.598 GC heap before
{Heap before GC invocations=232 (full 13):
 PSYoungGen      total 13312K, used 12945K [0x00000000eab00000, 0x00000000ebb00000, 0x0000000100000000)
  eden space 11264K, 100% used [0x00000000eab00000,0x00000000eb600000,0x00000000eb600000)
  from space 2048K, 82% used [0x00000000eb600000,0x00000000eb7a4480,0x00000000eb800000)
  to   space 2560K, 0% used [0x00000000eb880000,0x00000000eb880000,0x00000000ebb00000)
 ParOldGen       total 442880K, used 411679K [0x00000000c0000000, 0x00000000db080000, 0x00000000eab00000)
  object space 442880K, 92% used [0x00000000c0000000,0x00000000d9207cd8,0x00000000db080000)
 Metaspace       used 78100K, committed 79488K, reserved 1179648K
  class space    used 8165K, committed 8768K, reserved 1048576K
}
Event: 68.603 GC heap after
{Heap after GC invocations=232 (full 13):
 PSYoungGen      total 13312K, used 1745K [0x00000000eab00000, 0x00000000eba80000, 0x0000000100000000)
  eden space 11264K, 0% used [0x00000000eab00000,0x00000000eab00000,0x00000000eb600000)
  from space 2048K, 85% used [0x00000000eb880000,0x00000000eba34480,0x00000000eba80000)
  to   space 2048K, 0% used [0x00000000eb600000,0x00000000eb600000,0x00000000eb800000)
 ParOldGen       total 442880K, used 411687K [0x00000000c0000000, 0x00000000db080000, 0x00000000eab00000)
  object space 442880K, 92% used [0x00000000c0000000,0x00000000d9209cd8,0x00000000db080000)
 Metaspace       used 78100K, committed 79488K, reserved 1179648K
  class space    used 8165K, committed 8768K, reserved 1048576K
}

